  Determining projects to restore...
C:\Users\Bishop Nyasha\Searches\Event-Horizon\EventManagementSystem.Tests\EventManagementSystem.Tests.csproj : warning NU1603: EventManagementSystem.Tests depends on Microsoft.NET.Test.Sdk (>= 17.9.1) but Microsoft.NET.Test.Sdk 17.9.1 was not found. Microsoft.NET.Test.Sdk 17.10.0 was resolved instead.
  All projects are up-to-date for restore.
C:\Users\Bishop Nyasha\Searches\Event-Horizon\EventManagementSystem.Tests\EventManagementSystem.Tests.csproj : warning NU1603: EventManagementSystem.Tests depends on Microsoft.NET.Test.Sdk (>= 17.9.1) but Microsoft.NET.Test.Sdk 17.9.1 was not found. Microsoft.NET.Test.Sdk 17.10.0 was resolved instead.
  EventManagementSystem -> C:\Users\Bishop Nyasha\Searches\Event-Horizon\EventManagementSystem\bin\Debug\net10.0\EventManagementSystem.dll
C:\Users\Bishop Nyasha\Searches\Event-Horizon\EventManagementSystem.Tests\Controllers\EventControllerTests.cs(39,22): error CS0246: The type or namespace name 'Task' could not be found (are you missing a using directive or an assembly reference?) [C:\Users\Bishop Nyasha\Searches\Event-Horizon\EventManagementSystem.Tests\EventManagementSystem.Tests.csproj]
C:\Users\Bishop Nyasha\Searches\Event-Horizon\EventManagementSystem.Tests\Controllers\EventControllerTests.cs(55,22): error CS0246: The type or namespace name 'Task' could not be found (are you missing a using directive or an assembly reference?) [C:\Users\Bishop Nyasha\Searches\Event-Horizon\EventManagementSystem.Tests\EventManagementSystem.Tests.csproj]
C:\Users\Bishop Nyasha\Searches\Event-Horizon\EventManagementSystem.Tests\Controllers\EventControllerTests.cs(65,22): error CS0246: The type or namespace name 'Task' could not be found (are you missing a using directive or an assembly reference?) [C:\Users\Bishop Nyasha\Searches\Event-Horizon\EventManagementSystem.Tests\EventManagementSystem.Tests.csproj]
C:\Users\Bishop Nyasha\Searches\Event-Horizon\EventManagementSystem.Tests\Services\EmailServiceTests.cs(32,22): error CS0246: The type or namespace name 'Task' could not be found (are you missing a using directive or an assembly reference?) [C:\Users\Bishop Nyasha\Searches\Event-Horizon\EventManagementSystem.Tests\EventManagementSystem.Tests.csproj]
C:\Users\Bishop Nyasha\Searches\Event-Horizon\EventManagementSystem.Tests\Services\EmailServiceTests.cs(52,22): error CS0246: The type or namespace name 'Task' could not be found (are you missing a using directive or an assembly reference?) [C:\Users\Bishop Nyasha\Searches\Event-Horizon\EventManagementSystem.Tests\EventManagementSystem.Tests.csproj]
C:\Users\Bishop Nyasha\Searches\Event-Horizon\EventManagementSystem.Tests\Services\EmailServiceTests.cs(72,22): error CS0246: The type or namespace name 'Task' could not be found (are you missing a using directive or an assembly reference?) [C:\Users\Bishop Nyasha\Searches\Event-Horizon\EventManagementSystem.Tests\EventManagementSystem.Tests.csproj]
C:\Users\Bishop Nyasha\Searches\Event-Horizon\EventManagementSystem.Tests\Services\FileUploadServiceTests.cs(44,22): error CS0246: The type or namespace name 'Task' could not be found (are you missing a using directive or an assembly reference?) [C:\Users\Bishop Nyasha\Searches\Event-Horizon\EventManagementSystem.Tests\EventManagementSystem.Tests.csproj]
C:\Users\Bishop Nyasha\Searches\Event-Horizon\EventManagementSystem.Tests\Services\FileUploadServiceTests.cs(76,22): error CS0246: The type or namespace name 'Task' could not be found (are you missing a using directive or an assembly reference?) [C:\Users\Bishop Nyasha\Searches\Event-Horizon\EventManagementSystem.Tests\EventManagementSystem.Tests.csproj]
C:\Users\Bishop Nyasha\Searches\Event-Horizon\EventManagementSystem.Tests\Services\FileUploadServiceTests.cs(88,22): error CS0246: The type or namespace name 'Task' could not be found (are you missing a using directive or an assembly reference?) [C:\Users\Bishop Nyasha\Searches\Event-Horizon\EventManagementSystem.Tests\EventManagementSystem.Tests.csproj]
C:\Users\Bishop Nyasha\Searches\Event-Horizon\EventManagementSystem.Tests\Services\FileUploadServiceTests.cs(108,22): error CS0246: The type or namespace name 'Task' could not be found (are you missing a using directive or an assembly reference?) [C:\Users\Bishop Nyasha\Searches\Event-Horizon\EventManagementSystem.Tests\EventManagementSystem.Tests.csproj]
C:\Users\Bishop Nyasha\Searches\Event-Horizon\EventManagementSystem.Tests\Services\FileUploadServiceTests.cs(121,22): error CS0246: The type or namespace name 'Task' could not be found (are you missing a using directive or an assembly reference?) [C:\Users\Bishop Nyasha\Searches\Event-Horizon\EventManagementSystem.Tests\EventManagementSystem.Tests.csproj]

Build FAILED.

C:\Users\Bishop Nyasha\Searches\Event-Horizon\EventManagementSystem.Tests\EventManagementSystem.Tests.csproj : warning NU1603: EventManagementSystem.Tests depends on Microsoft.NET.Test.Sdk (>= 17.9.1) but Microsoft.NET.Test.Sdk 17.9.1 was not found. Microsoft.NET.Test.Sdk 17.10.0 was resolved instead.
C:\Users\Bishop Nyasha\Searches\Event-Horizon\EventManagementSystem.Tests\EventManagementSystem.Tests.csproj : warning NU1603: EventManagementSystem.Tests depends on Microsoft.NET.Test.Sdk (>= 17.9.1) but Microsoft.NET.Test.Sdk 17.9.1 was not found. Microsoft.NET.Test.Sdk 17.10.0 was resolved instead.
C:\Users\Bishop Nyasha\Searches\Event-Horizon\EventManagementSystem.Tests\Controllers\EventControllerTests.cs(39,22): error CS0246: The type or namespace name 'Task' could not be found (are you missing a using directive or an assembly reference?) [C:\Users\Bishop Nyasha\Searches\Event-Horizon\EventManagementSystem.Tests\EventManagementSystem.Tests.csproj]
C:\Users\Bishop Nyasha\Searches\Event-Horizon\EventManagementSystem.Tests\Controllers\EventControllerTests.cs(55,22): error CS0246: The type or namespace name 'Task' could not be found (are you missing a using directive or an assembly reference?) [C:\Users\Bishop Nyasha\Searches\Event-Horizon\EventManagementSystem.Tests\EventManagementSystem.Tests.csproj]
C:\Users\Bishop Nyasha\Searches\Event-Horizon\EventManagementSystem.Tests\Controllers\EventControllerTests.cs(65,22): error CS0246: The type or namespace name 'Task' could not be found (are you missing a using directive or an assembly reference?) [C:\Users\Bishop Nyasha\Searches\Event-Horizon\EventManagementSystem.Tests\EventManagementSystem.Tests.csproj]
C:\Users\Bishop Nyasha\Searches\Event-Horizon\EventManagementSystem.Tests\Services\EmailServiceTests.cs(32,22): error CS0246: The type or namespace name 'Task' could not be found (are you missing a using directive or an assembly reference?) [C:\Users\Bishop Nyasha\Searches\Event-Horizon\EventManagementSystem.Tests\EventManagementSystem.Tests.csproj]
C:\Users\Bishop Nyasha\Searches\Event-Horizon\EventManagementSystem.Tests\Services\EmailServiceTests.cs(52,22): error CS0246: The type or namespace name 'Task' could not be found (are you missing a using directive or an assembly reference?) [C:\Users\Bishop Nyasha\Searches\Event-Horizon\EventManagementSystem.Tests\EventManagementSystem.Tests.csproj]
C:\Users\Bishop Nyasha\Searches\Event-Horizon\EventManagementSystem.Tests\Services\EmailServiceTests.cs(72,22): error CS0246: The type or namespace name 'Task' could not be found (are you missing a using directive or an assembly reference?) [C:\Users\Bishop Nyasha\Searches\Event-Horizon\EventManagementSystem.Tests\EventManagementSystem.Tests.csproj]
C:\Users\Bishop Nyasha\Searches\Event-Horizon\EventManagementSystem.Tests\Services\FileUploadServiceTests.cs(44,22): error CS0246: The type or namespace name 'Task' could not be found (are you missing a using directive or an assembly reference?) [C:\Users\Bishop Nyasha\Searches\Event-Horizon\EventManagementSystem.Tests\EventManagementSystem.Tests.csproj]
C:\Users\Bishop Nyasha\Searches\Event-Horizon\EventManagementSystem.Tests\Services\FileUploadServiceTests.cs(76,22): error CS0246: The type or namespace name 'Task' could not be found (are you missing a using directive or an assembly reference?) [C:\Users\Bishop Nyasha\Searches\Event-Horizon\EventManagementSystem.Tests\EventManagementSystem.Tests.csproj]
C:\Users\Bishop Nyasha\Searches\Event-Horizon\EventManagementSystem.Tests\Services\FileUploadServiceTests.cs(88,22): error CS0246: The type or namespace name 'Task' could not be found (are you missing a using directive or an assembly reference?) [C:\Users\Bishop Nyasha\Searches\Event-Horizon\EventManagementSystem.Tests\EventManagementSystem.Tests.csproj]
C:\Users\Bishop Nyasha\Searches\Event-Horizon\EventManagementSystem.Tests\Services\FileUploadServiceTests.cs(108,22): error CS0246: The type or namespace name 'Task' could not be found (are you missing a using directive or an assembly reference?) [C:\Users\Bishop Nyasha\Searches\Event-Horizon\EventManagementSystem.Tests\EventManagementSystem.Tests.csproj]
C:\Users\Bishop Nyasha\Searches\Event-Horizon\EventManagementSystem.Tests\Services\FileUploadServiceTests.cs(121,22): error CS0246: The type or namespace name 'Task' could not be found (are you missing a using directive or an assembly reference?) [C:\Users\Bishop Nyasha\Searches\Event-Horizon\EventManagementSystem.Tests\EventManagementSystem.Tests.csproj]
    2 Warning(s)
    11 Error(s)

Time Elapsed 00:00:03.79
