  Determining projects to restore...
C:\Users\Bishop Nyasha\Searches\Event-Horizon\EventManagementSystem.Tests\EventManagementSystem.Tests.csproj : warning NU1603: EventManagementSystem.Tests depends on Microsoft.NET.Test.Sdk (>= 17.9.1) but Microsoft.NET.Test.Sdk 17.9.1 was not found. Microsoft.NET.Test.Sdk 17.10.0 was resolved instead.
  All projects are up-to-date for restore.
C:\Users\Bishop Nyasha\Searches\Event-Horizon\EventManagementSystem.Tests\EventManagementSystem.Tests.csproj : warning NU1603: EventManagementSystem.Tests depends on Microsoft.NET.Test.Sdk (>= 17.9.1) but Microsoft.NET.Test.Sdk 17.9.1 was not found. Microsoft.NET.Test.Sdk 17.10.0 was resolved instead.
  EventManagementSystem -> C:\Users\Bishop Nyasha\Searches\Event-Horizon\EventManagementSystem\bin\Debug\net10.0\EventManagementSystem.dll
C:\Users\Bishop Nyasha\Searches\Event-Horizon\EventManagementSystem.Tests\Services\FileUploadServiceTests.cs(21,39): error CS0246: The type or namespace name 'Dictionary<,>' could not be found (are you missing a using directive or an assembly reference?) [C:\Users\Bishop Nyasha\Searches\Event-Horizon\EventManagementSystem.Tests\EventManagementSystem.Tests.csproj]
C:\Users\Bishop Nyasha\Searches\Event-Horizon\EventManagementSystem.Tests\Services\FileUploadServiceTests.cs(39,26): error CS0103: The name 'Path' does not exist in the current context [C:\Users\Bishop Nyasha\Searches\Event-Horizon\EventManagementSystem.Tests\EventManagementSystem.Tests.csproj]
C:\Users\Bishop Nyasha\Searches\Event-Horizon\EventManagementSystem.Tests\Services\FileUploadServiceTests.cs(39,39): error CS0103: The name 'Path' does not exist in the current context [C:\Users\Bishop Nyasha\Searches\Event-Horizon\EventManagementSystem.Tests\EventManagementSystem.Tests.csproj]
C:\Users\Bishop Nyasha\Searches\Event-Horizon\EventManagementSystem.Tests\Controllers\EventControllerTests.cs(23,52): error CS0103: The name 'Guid' does not exist in the current context [C:\Users\Bishop Nyasha\Searches\Event-Horizon\EventManagementSystem.Tests\EventManagementSystem.Tests.csproj]
C:\Users\Bishop Nyasha\Searches\Event-Horizon\EventManagementSystem.Tests\Controllers\EventControllerTests.cs(31,31): error CS7036: There is no argument given that corresponds to the required parameter 'waitingListService' of 'EventController.EventController(ApplicationDbContext, IEmailService, IFileUploadService, ILoggingService, IWaitingListService)' [C:\Users\Bishop Nyasha\Searches\Event-Horizon\EventManagementSystem.Tests\EventManagementSystem.Tests.csproj]
C:\Users\Bishop Nyasha\Searches\Event-Horizon\EventManagementSystem.Tests\Controllers\EventControllerTests.cs(48,44): error CS7036: There is no argument given that corresponds to the required parameter 'searchTerm' of 'EventController.Index(string?, string?, string?, DateTime?, DateTime?, int)' [C:\Users\Bishop Nyasha\Searches\Event-Horizon\EventManagementSystem.Tests\EventManagementSystem.Tests.csproj]
C:\Users\Bishop Nyasha\Searches\Event-Horizon\EventManagementSystem.Tests\Services\FileUploadServiceTests.cs(50,30): error CS0246: The type or namespace name 'MemoryStream' could not be found (are you missing a using directive or an assembly reference?) [C:\Users\Bishop Nyasha\Searches\Event-Horizon\EventManagementSystem.Tests\EventManagementSystem.Tests.csproj]
C:\Users\Bishop Nyasha\Searches\Event-Horizon\EventManagementSystem.Tests\Services\FileUploadServiceTests.cs(51,30): error CS0246: The type or namespace name 'StreamWriter' could not be found (are you missing a using directive or an assembly reference?) [C:\Users\Bishop Nyasha\Searches\Event-Horizon\EventManagementSystem.Tests\EventManagementSystem.Tests.csproj]
C:\Users\Bishop Nyasha\Searches\Event-Horizon\EventManagementSystem.Tests\Services\FileUploadServiceTests.cs(60,56): error CS0246: The type or namespace name 'Stream' could not be found (are you missing a using directive or an assembly reference?) [C:\Users\Bishop Nyasha\Searches\Event-Horizon\EventManagementSystem.Tests\EventManagementSystem.Tests.csproj]
C:\Users\Bishop Nyasha\Searches\Event-Horizon\EventManagementSystem.Tests\Services\FileUploadServiceTests.cs(60,76): error CS0246: The type or namespace name 'CancellationToken' could not be found (are you missing a using directive or an assembly reference?) [C:\Users\Bishop Nyasha\Searches\Event-Horizon\EventManagementSystem.Tests\EventManagementSystem.Tests.csproj]
C:\Users\Bishop Nyasha\Searches\Event-Horizon\EventManagementSystem.Tests\Services\FileUploadServiceTests.cs(61,27): error CS0246: The type or namespace name 'Stream' could not be found (are you missing a using directive or an assembly reference?) [C:\Users\Bishop Nyasha\Searches\Event-Horizon\EventManagementSystem.Tests\EventManagementSystem.Tests.csproj]
C:\Users\Bishop Nyasha\Searches\Event-Horizon\EventManagementSystem.Tests\Services\FileUploadServiceTests.cs(61,47): error CS0246: The type or namespace name 'CancellationToken' could not be found (are you missing a using directive or an assembly reference?) [C:\Users\Bishop Nyasha\Searches\Event-Horizon\EventManagementSystem.Tests\EventManagementSystem.Tests.csproj]
C:\Users\Bishop Nyasha\Searches\Event-Horizon\EventManagementSystem.Tests\Services\FileUploadServiceTests.cs(93,30): error CS0246: The type or namespace name 'MemoryStream' could not be found (are you missing a using directive or an assembly reference?) [C:\Users\Bishop Nyasha\Searches\Event-Horizon\EventManagementSystem.Tests\EventManagementSystem.Tests.csproj]
C:\Users\Bishop Nyasha\Searches\Event-Horizon\EventManagementSystem.Tests\Controllers\EventControllerTests.cs(113,46): warning xUnit1031: Test methods should not use blocking task operations, as they can cause deadlocks. Use an async test method and await instead. (https://xunit.net/xunit.analyzers/rules/xUnit1031) [C:\Users\Bishop Nyasha\Searches\Event-Horizon\EventManagementSystem.Tests\EventManagementSystem.Tests.csproj]

Build FAILED.

C:\Users\Bishop Nyasha\Searches\Event-Horizon\EventManagementSystem.Tests\EventManagementSystem.Tests.csproj : warning NU1603: EventManagementSystem.Tests depends on Microsoft.NET.Test.Sdk (>= 17.9.1) but Microsoft.NET.Test.Sdk 17.9.1 was not found. Microsoft.NET.Test.Sdk 17.10.0 was resolved instead.
C:\Users\Bishop Nyasha\Searches\Event-Horizon\EventManagementSystem.Tests\EventManagementSystem.Tests.csproj : warning NU1603: EventManagementSystem.Tests depends on Microsoft.NET.Test.Sdk (>= 17.9.1) but Microsoft.NET.Test.Sdk 17.9.1 was not found. Microsoft.NET.Test.Sdk 17.10.0 was resolved instead.
C:\Users\Bishop Nyasha\Searches\Event-Horizon\EventManagementSystem.Tests\Controllers\EventControllerTests.cs(113,46): warning xUnit1031: Test methods should not use blocking task operations, as they can cause deadlocks. Use an async test method and await instead. (https://xunit.net/xunit.analyzers/rules/xUnit1031) [C:\Users\Bishop Nyasha\Searches\Event-Horizon\EventManagementSystem.Tests\EventManagementSystem.Tests.csproj]
C:\Users\Bishop Nyasha\Searches\Event-Horizon\EventManagementSystem.Tests\Services\FileUploadServiceTests.cs(21,39): error CS0246: The type or namespace name 'Dictionary<,>' could not be found (are you missing a using directive or an assembly reference?) [C:\Users\Bishop Nyasha\Searches\Event-Horizon\EventManagementSystem.Tests\EventManagementSystem.Tests.csproj]
C:\Users\Bishop Nyasha\Searches\Event-Horizon\EventManagementSystem.Tests\Services\FileUploadServiceTests.cs(39,26): error CS0103: The name 'Path' does not exist in the current context [C:\Users\Bishop Nyasha\Searches\Event-Horizon\EventManagementSystem.Tests\EventManagementSystem.Tests.csproj]
C:\Users\Bishop Nyasha\Searches\Event-Horizon\EventManagementSystem.Tests\Services\FileUploadServiceTests.cs(39,39): error CS0103: The name 'Path' does not exist in the current context [C:\Users\Bishop Nyasha\Searches\Event-Horizon\EventManagementSystem.Tests\EventManagementSystem.Tests.csproj]
C:\Users\Bishop Nyasha\Searches\Event-Horizon\EventManagementSystem.Tests\Controllers\EventControllerTests.cs(23,52): error CS0103: The name 'Guid' does not exist in the current context [C:\Users\Bishop Nyasha\Searches\Event-Horizon\EventManagementSystem.Tests\EventManagementSystem.Tests.csproj]
C:\Users\Bishop Nyasha\Searches\Event-Horizon\EventManagementSystem.Tests\Controllers\EventControllerTests.cs(31,31): error CS7036: There is no argument given that corresponds to the required parameter 'waitingListService' of 'EventController.EventController(ApplicationDbContext, IEmailService, IFileUploadService, ILoggingService, IWaitingListService)' [C:\Users\Bishop Nyasha\Searches\Event-Horizon\EventManagementSystem.Tests\EventManagementSystem.Tests.csproj]
C:\Users\Bishop Nyasha\Searches\Event-Horizon\EventManagementSystem.Tests\Controllers\EventControllerTests.cs(48,44): error CS7036: There is no argument given that corresponds to the required parameter 'searchTerm' of 'EventController.Index(string?, string?, string?, DateTime?, DateTime?, int)' [C:\Users\Bishop Nyasha\Searches\Event-Horizon\EventManagementSystem.Tests\EventManagementSystem.Tests.csproj]
C:\Users\Bishop Nyasha\Searches\Event-Horizon\EventManagementSystem.Tests\Services\FileUploadServiceTests.cs(50,30): error CS0246: The type or namespace name 'MemoryStream' could not be found (are you missing a using directive or an assembly reference?) [C:\Users\Bishop Nyasha\Searches\Event-Horizon\EventManagementSystem.Tests\EventManagementSystem.Tests.csproj]
C:\Users\Bishop Nyasha\Searches\Event-Horizon\EventManagementSystem.Tests\Services\FileUploadServiceTests.cs(51,30): error CS0246: The type or namespace name 'StreamWriter' could not be found (are you missing a using directive or an assembly reference?) [C:\Users\Bishop Nyasha\Searches\Event-Horizon\EventManagementSystem.Tests\EventManagementSystem.Tests.csproj]
C:\Users\Bishop Nyasha\Searches\Event-Horizon\EventManagementSystem.Tests\Services\FileUploadServiceTests.cs(60,56): error CS0246: The type or namespace name 'Stream' could not be found (are you missing a using directive or an assembly reference?) [C:\Users\Bishop Nyasha\Searches\Event-Horizon\EventManagementSystem.Tests\EventManagementSystem.Tests.csproj]
C:\Users\Bishop Nyasha\Searches\Event-Horizon\EventManagementSystem.Tests\Services\FileUploadServiceTests.cs(60,76): error CS0246: The type or namespace name 'CancellationToken' could not be found (are you missing a using directive or an assembly reference?) [C:\Users\Bishop Nyasha\Searches\Event-Horizon\EventManagementSystem.Tests\EventManagementSystem.Tests.csproj]
C:\Users\Bishop Nyasha\Searches\Event-Horizon\EventManagementSystem.Tests\Services\FileUploadServiceTests.cs(61,27): error CS0246: The type or namespace name 'Stream' could not be found (are you missing a using directive or an assembly reference?) [C:\Users\Bishop Nyasha\Searches\Event-Horizon\EventManagementSystem.Tests\EventManagementSystem.Tests.csproj]
C:\Users\Bishop Nyasha\Searches\Event-Horizon\EventManagementSystem.Tests\Services\FileUploadServiceTests.cs(61,47): error CS0246: The type or namespace name 'CancellationToken' could not be found (are you missing a using directive or an assembly reference?) [C:\Users\Bishop Nyasha\Searches\Event-Horizon\EventManagementSystem.Tests\EventManagementSystem.Tests.csproj]
C:\Users\Bishop Nyasha\Searches\Event-Horizon\EventManagementSystem.Tests\Services\FileUploadServiceTests.cs(93,30): error CS0246: The type or namespace name 'MemoryStream' could not be found (are you missing a using directive or an assembly reference?) [C:\Users\Bishop Nyasha\Searches\Event-Horizon\EventManagementSystem.Tests\EventManagementSystem.Tests.csproj]
    3 Warning(s)
    13 Error(s)

Time Elapsed 00:00:06.20
